<?xml version="1.0" encoding="UTF-8"?>
<testsuite xmlns:xsi="http://www.w3.org/2001/XMLSchema-instance" xsi:noNamespaceSchemaLocation="https://maven.apache.org/surefire/maven-surefire-plugin/xsd/surefire-test-report-3.0.xsd" version="3.0" name="TestSuite" time="49.578" tests="10" errors="0" skipped="0" failures="0">
  <properties>
[...]
</properties>
  <testcase name="enterStoreLinkTest" classname="FirstPageTest" time="0.906">
    <system-out><![CDATA[Setting up WebDriver for browser: chrome
Executing enterStoreLinkTest
]]></system-out>
    <system-err><![CDATA[SLF4J: No SLF4J providers were found.
SLF4J: Defaulting to no-operation (NOP) logger implementation
SLF4J: See https://www.slf4j.org/codes.html#noProviders for further details.
Starting ChromeDriver 120.0.6099.109 (3419140ab665596f21b385ce136419fde0924272-refs/branch-heads/6099@{#1483}) on port 12905
Only local connections are allowed.
Please see https://chromedriver.chromium.org/security-considerations for suggestions on keeping ChromeDriver safe.
ChromeDriver was started successfully.
Jan 02, 2024 9:44:07 PM org.openqa.selenium.remote.ProtocolHandshake createSession
INFO: Detected dialect: W3C
]]></system-err>
  </testcase>
  <testcase name="enterStoreLinkTest" classname="FirstPageTest" time="0.364">
    <system-out><![CDATA[Setting up WebDriver for browser: firefox
Executing enterStoreLinkTest
]]></system-out>
    <system-err><![CDATA[1704231855465	geckodriver	INFO	Listening on 127.0.0.1:6979
1704231855536	mozrunner::runner	INFO	Running command: MOZ_CRASHREPORTER="1" MOZ_CRASHREPORTER_NO_REPORT="1" MOZ_CRASHREPORTER_SHUTDOWN="1" MOZ_NO_REMOTE="1" "/usr/lib/firefox/firefox" "--marionette" "--headless" "-no-remote" "-profile" "/tmp/rust_mozprofileJ8QGEu"
*** You are running in headless mode.
console.warn: services.settings: Ignoring preference override of remote settings server
console.warn: services.settings: Allow by setting MOZ_REMOTE_SETTINGS_DEVTOOLS=1 in the environment
[GFX1-]: glxtest: Unable to open a connection to the X server
1704231861332	Marionette	INFO	Marionette enabled
1704231862567	Marionette	INFO	Listening on port 43333
Read port: 43333
1704231862796	RemoteAgent	WARN	TLS certificate errors will be ignored for this session
[GFX1-]: RenderCompositorSWGL failed mapping default framebuffer, no dt
console.error: ({})
Jan 02, 2024 9:44:26 PM org.openqa.selenium.remote.ProtocolHandshake createSession
INFO: Detected dialect: W3C
]]></system-err>
  </testcase>
  <testcase name="returnFirstPage" classname="FirstPageTest" time="0.392"/>
  <testcase name="returnFirstPage" classname="FirstPageTest" time="0.048"/>
  <testcase name="badSearchInputTest" classname="MainPageTest" time="0.427">
    <system-out><![CDATA[Setting up WebDriver for browser: chrome
]]></system-out>
    <system-err><![CDATA[1704231867244	Marionette	INFO	Stopped listening on port 43333
Starting ChromeDriver 120.0.6099.109 (3419140ab665596f21b385ce136419fde0924272-refs/branch-heads/6099@{#1483}) on port 18534
Only local connections are allowed.
Please see https://chromedriver.chromium.org/security-considerations for suggestions on keeping ChromeDriver safe.
ChromeDriver was started successfully.
Jan 02, 2024 9:44:28 PM org.openqa.selenium.remote.ProtocolHandshake createSession
INFO: Detected dialect: W3C
]]></system-err>
  </testcase>
  <testcase name="badSearchInputTest" classname="MainPageTest" time="0.338">
    <system-out><![CDATA[Setting up WebDriver for browser: firefox
]]></system-out>
    <system-err><![CDATA[1704231871462	geckodriver	INFO	Listening on 127.0.0.1:23570
1704231871467	mozrunner::runner	INFO	Running command: MOZ_CRASHREPORTER="1" MOZ_CRASHREPORTER_NO_REPORT="1" MOZ_CRASHREPORTER_SHUTDOWN="1" MOZ_NO_REMOTE="1" "/usr/lib/firefox/firefox" "--marionette" "--headless" "-no-remote" "-profile" "/tmp/rust_mozprofilePuHqCc"
*** You are running in headless mode.
console.warn: services.settings: Ignoring preference override of remote settings server
console.warn: services.settings: Allow by setting MOZ_REMOTE_SETTINGS_DEVTOOLS=1 in the environment
[GFX1-]: glxtest: Unable to open a connection to the X server
1704231871707	Marionette	INFO	Marionette enabled
1704231871770	Marionette	INFO	Listening on port 44153
Read port: 44153
1704231871940	RemoteAgent	WARN	TLS certificate errors will be ignored for this session
[GFX1-]: RenderCompositorSWGL failed mapping default framebuffer, no dt
console.error: ({})
Jan 02, 2024 9:44:32 PM org.openqa.selenium.remote.ProtocolHandshake createSession
INFO: Detected dialect: W3C
console.warn: LoginRecipes: "Falling back to a synchronous message for: https://petstore.octoperf.com."
]]></system-err>
  </testcase>
  <testcase name="goodSearchInputTest" classname="MainPageTest" time="0.369">
    <system-out><![CDATA[Setting up WebDriver for browser: chrome
]]></system-out>
    <system-err><![CDATA[Starting ChromeDriver 120.0.6099.109 (3419140ab665596f21b385ce136419fde0924272-refs/branch-heads/6099@{#1483}) on port 22400
Only local connections are allowed.
Please see https://chromedriver.chromium.org/security-considerations for suggestions on keeping ChromeDriver safe.
ChromeDriver was started successfully.
Jan 02, 2024 9:44:29 PM org.openqa.selenium.remote.ProtocolHandshake createSession
INFO: Detected dialect: W3C
]]></system-err>
  </testcase>
  <testcase name="goodSearchInputTest" classname="MainPageTest" time="0.33">
    <system-out><![CDATA[Setting up WebDriver for browser: firefox
]]></system-out>
    <system-err><![CDATA[1704231873768	Marionette	INFO	Stopped listening on port 44153
1704231874915	geckodriver	INFO	Listening on 127.0.0.1:17518
1704231874921	mozrunner::runner	INFO	Running command: MOZ_CRASHREPORTER="1" MOZ_CRASHREPORTER_NO_REPORT="1" MOZ_CRASHREPORTER_SHUTDOWN="1" MOZ_NO_REMOTE="1" "/usr/lib/firefox/firefox" "--marionette" "--headless" "-no-remote" "-profile" "/tmp/rust_mozprofileKNks0I"
*** You are running in headless mode.
console.warn: services.settings: Ignoring preference override of remote settings server
console.warn: services.settings: Allow by setting MOZ_REMOTE_SETTINGS_DEVTOOLS=1 in the environment
[GFX1-]: glxtest: Unable to open a connection to the X server
1704231875158	Marionette	INFO	Marionette enabled
1704231875222	Marionette	INFO	Listening on port 39561
Read port: 39561
1704231875392	RemoteAgent	WARN	TLS certificate errors will be ignored for this session
[GFX1-]: RenderCompositorSWGL failed mapping default framebuffer, no dt
console.error: ({})
Jan 02, 2024 9:44:36 PM org.openqa.selenium.remote.ProtocolHandshake createSession
INFO: Detected dialect: W3C
console.warn: LoginRecipes: "Falling back to a synchronous message for: https://petstore.octoperf.com."
]]></system-err>
  </testcase>
  <testcase name="signInButtonTest" classname="MainPageTest" time="0.256">
    <system-out><![CDATA[Setting up WebDriver for browser: chrome
]]></system-out>
    <system-err><![CDATA[Starting ChromeDriver 120.0.6099.109 (3419140ab665596f21b385ce136419fde0924272-refs/branch-heads/6099@{#1483}) on port 5298
Only local connections are allowed.
Please see https://chromedriver.chromium.org/security-considerations for suggestions on keeping ChromeDriver safe.
ChromeDriver was started successfully.
Jan 02, 2024 9:44:30 PM org.openqa.selenium.remote.ProtocolHandshake createSession
INFO: Detected dialect: W3C
]]></system-err>
  </testcase>
  <testcase name="signInButtonTest" classname="MainPageTest" time="0.199">
    <system-out><![CDATA[Setting up WebDriver for browser: firefox
]]></system-out>
    <system-err><![CDATA[1704231877248	Marionette	INFO	Stopped listening on port 39561
1704231878416	geckodriver	INFO	Listening on 127.0.0.1:3759
1704231878422	mozrunner::runner	INFO	Running command: MOZ_CRASHREPORTER="1" MOZ_CRASHREPORTER_NO_REPORT="1" MOZ_CRASHREPORTER_SHUTDOWN="1" MOZ_NO_REMOTE="1" "/usr/lib/firefox/firefox" "--marionette" "--headless" "-no-remote" "-profile" "/tmp/rust_mozprofileTGr0zP"
*** You are running in headless mode.
console.warn: services.settings: Ignoring preference override of remote settings server
console.warn: services.settings: Allow by setting MOZ_REMOTE_SETTINGS_DEVTOOLS=1 in the environment
[GFX1-]: glxtest: Unable to open a connection to the X server
1704231878671	Marionette	INFO	Marionette enabled
1704231878738	Marionette	INFO	Listening on port 33989
Read port: 33989
1704231878929	RemoteAgent	WARN	TLS certificate errors will be ignored for this session
[GFX1-]: RenderCompositorSWGL failed mapping default framebuffer, no dt
console.error: ({})
Jan 02, 2024 9:44:39 PM org.openqa.selenium.remote.ProtocolHandshake createSession
INFO: Detected dialect: W3C
]]></system-err>
  </testcase>
</testsuite>