<?xml version="1.0" encoding="UTF-8"?>
<testng-results ignored="0" total="10" passed="10" failed="0" skipped="0">
  <reporter-output>
  </reporter-output>
  <suite started-at="2024-01-02T21:43:52Z" name="MyTestSuite" finished-at="2024-01-02T21:44:28Z" duration-ms="35180">
    <groups>
    </groups>
    <test started-at="2024-01-02T21:43:52Z" name="FirstPageButtonTestingWithChrome" finished-at="2024-01-02T21:44:10Z" duration-ms="17407">
      <class name="FirstPageTest">
        <test-method is-config="true" signature="setupTest(java.lang.String)[pri:0, instance:FirstPageTest@143640d5]" started-at="2024-01-02T21:43:52Z" name="setupTest" finished-at="2024-01-02T21:44:08Z" duration-ms="15970" status="PASS">
          <params>
            <param index="0">
              <value>
                <![CDATA[chrome]]>
              </value>
            </param>
          </params>
          <reporter-output>
          </reporter-output>
        </test-method> <!-- setupTest -->
        <test-method signature="enterStoreLinkTest()[pri:0, instance:FirstPageTest@143640d5]" started-at="2024-01-02T21:44:08Z" name="enterStoreLinkTest" finished-at="2024-01-02T21:44:09Z" duration-ms="907" status="PASS">
          <reporter-output>
          </reporter-output>
        </test-method> <!-- enterStoreLinkTest -->
        <test-method signature="returnFirstPage()[pri:0, instance:FirstPageTest@143640d5]" started-at="2024-01-02T21:44:09Z" name="returnFirstPage" finished-at="2024-01-02T21:44:10Z" depends-on-methods="FirstPageTest.enterStoreLinkTest" duration-ms="395" status="PASS">
          <reporter-output>
          </reporter-output>
        </test-method> <!-- returnFirstPage -->
        <test-method is-config="true" signature="teardownTest()[pri:0, instance:FirstPageTest@143640d5]" started-at="2024-01-02T21:44:10Z" name="teardownTest" finished-at="2024-01-02T21:44:10Z" duration-ms="129" status="PASS">
          <reporter-output>
          </reporter-output>
        </test-method> <!-- teardownTest -->
      </class> <!-- FirstPageTest -->
    </test> <!-- FirstPageButtonTestingWithChrome -->
    <test started-at="2024-01-02T21:44:10Z" name="FirstPageButtonTestingWithFirefox" finished-at="2024-01-02T21:44:28Z" duration-ms="17765">
      <class name="FirstPageTest">
        <test-method is-config="true" signature="setupTest(java.lang.String)[pri:0, instance:FirstPageTest@1198b989]" started-at="2024-01-02T21:44:10Z" name="setupTest" finished-at="2024-01-02T21:44:26Z" duration-ms="16510" status="PASS">
          <params>
            <param index="0">
              <value>
                <![CDATA[firefox]]>
              </value>
            </param>
          </params>
          <reporter-output>
          </reporter-output>
        </test-method> <!-- setupTest -->
        <test-method signature="enterStoreLinkTest()[pri:0, instance:FirstPageTest@1198b989]" started-at="2024-01-02T21:44:26Z" name="enterStoreLinkTest" finished-at="2024-01-02T21:44:27Z" duration-ms="363" status="PASS">
          <reporter-output>
          </reporter-output>
        </test-method> <!-- enterStoreLinkTest -->
        <test-method signature="returnFirstPage()[pri:0, instance:FirstPageTest@1198b989]" started-at="2024-01-02T21:44:27Z" name="returnFirstPage" finished-at="2024-01-02T21:44:27Z" depends-on-methods="FirstPageTest.enterStoreLinkTest" duration-ms="48" status="PASS">
          <reporter-output>
          </reporter-output>
        </test-method> <!-- returnFirstPage -->
        <test-method is-config="true" signature="teardownTest()[pri:0, instance:FirstPageTest@1198b989]" started-at="2024-01-02T21:44:27Z" name="teardownTest" finished-at="2024-01-02T21:44:28Z" duration-ms="843" status="PASS">
          <reporter-output>
          </reporter-output>
        </test-method> <!-- teardownTest -->
      </class> <!-- FirstPageTest -->
    </test> <!-- FirstPageButtonTestingWithFirefox -->
  </suite> <!-- MyTestSuite -->
  <suite started-at="2024-01-02T21:44:28Z" name="MyTestSuite (0)" finished-at="2024-01-02T21:44:42Z" duration-ms="14178">
    <groups>
    </groups>
    <test started-at="2024-01-02T21:44:28Z" name="MainPageTestingWithChrome" finished-at="2024-01-02T21:44:31Z" duration-ms="3362">
      <class name="MainPageTest">
        <test-method is-config="true" signature="setupTest(java.lang.String)[pri:0, instance:MainPageTest@197d671]" started-at="2024-01-02T21:44:28Z" name="setupTest" finished-at="2024-01-02T21:44:28Z" duration-ms="819" status="PASS">
          <params>
            <param index="0">
              <value>
                <![CDATA[chrome]]>
              </value>
            </param>
          </params>
          <reporter-output>
          </reporter-output>
        </test-method> <!-- setupTest -->
        <test-method signature="badSearchInputTest()[pri:0, instance:MainPageTest@197d671]" started-at="2024-01-02T21:44:28Z" name="badSearchInputTest" finished-at="2024-01-02T21:44:29Z" duration-ms="428" status="PASS">
          <reporter-output>
          </reporter-output>
        </test-method> <!-- badSearchInputTest -->
        <test-method is-config="true" signature="teardownTest()[pri:0, instance:MainPageTest@197d671]" started-at="2024-01-02T21:44:29Z" name="teardownTest" finished-at="2024-01-02T21:44:29Z" duration-ms="68" status="PASS">
          <reporter-output>
          </reporter-output>
        </test-method> <!-- teardownTest -->
        <test-method is-config="true" signature="setupTest(java.lang.String)[pri:0, instance:MainPageTest@197d671]" started-at="2024-01-02T21:44:29Z" name="setupTest" finished-at="2024-01-02T21:44:30Z" duration-ms="646" status="PASS">
          <params>
            <param index="0">
              <value>
                <![CDATA[chrome]]>
              </value>
            </param>
          </params>
          <reporter-output>
          </reporter-output>
        </test-method> <!-- setupTest -->
        <test-method signature="goodSearchInputTest()[pri:0, instance:MainPageTest@197d671]" started-at="2024-01-02T21:44:30Z" name="goodSearchInputTest" finished-at="2024-01-02T21:44:30Z" duration-ms="369" status="PASS">
          <reporter-output>
          </reporter-output>
        </test-method> <!-- goodSearchInputTest -->
        <test-method is-config="true" signature="teardownTest()[pri:0, instance:MainPageTest@197d671]" started-at="2024-01-02T21:44:30Z" name="teardownTest" finished-at="2024-01-02T21:44:30Z" duration-ms="68" status="PASS">
          <reporter-output>
          </reporter-output>
        </test-method> <!-- teardownTest -->
        <test-method is-config="true" signature="setupTest(java.lang.String)[pri:0, instance:MainPageTest@197d671]" started-at="2024-01-02T21:44:30Z" name="setupTest" finished-at="2024-01-02T21:44:31Z" duration-ms="639" status="PASS">
          <params>
            <param index="0">
              <value>
                <![CDATA[chrome]]>
              </value>
            </param>
          </params>
          <reporter-output>
          </reporter-output>
        </test-method> <!-- setupTest -->
        <test-method signature="signInButtonTest()[pri:0, instance:MainPageTest@197d671]" started-at="2024-01-02T21:44:31Z" name="signInButtonTest" finished-at="2024-01-02T21:44:31Z" duration-ms="256" status="PASS">
          <reporter-output>
          </reporter-output>
        </test-method> <!-- signInButtonTest -->
        <test-method is-config="true" signature="teardownTest()[pri:0, instance:MainPageTest@197d671]" started-at="2024-01-02T21:44:31Z" name="teardownTest" finished-at="2024-01-02T21:44:31Z" duration-ms="67" status="PASS">
          <reporter-output>
          </reporter-output>
        </test-method> <!-- teardownTest -->
      </class> <!-- MainPageTest -->
    </test> <!-- MainPageTestingWithChrome -->
    <test started-at="2024-01-02T21:44:31Z" name="MainPageTestingWithFirefox" finished-at="2024-01-02T21:44:42Z" duration-ms="10815">
      <class name="MainPageTest">
        <test-method is-config="true" signature="setupTest(java.lang.String)[pri:0, instance:MainPageTest@5a955565]" started-at="2024-01-02T21:44:31Z" name="setupTest" finished-at="2024-01-02T21:44:33Z" duration-ms="1975" status="PASS">
          <params>
            <param index="0">
              <value>
                <![CDATA[firefox]]>
              </value>
            </param>
          </params>
          <reporter-output>
          </reporter-output>
        </test-method> <!-- setupTest -->
        <test-method signature="badSearchInputTest()[pri:0, instance:MainPageTest@5a955565]" started-at="2024-01-02T21:44:33Z" name="badSearchInputTest" finished-at="2024-01-02T21:44:33Z" duration-ms="340" status="PASS">
          <reporter-output>
          </reporter-output>
        </test-method> <!-- badSearchInputTest -->
        <test-method is-config="true" signature="teardownTest()[pri:0, instance:MainPageTest@5a955565]" started-at="2024-01-02T21:44:33Z" name="teardownTest" finished-at="2024-01-02T21:44:34Z" duration-ms="1137" status="PASS">
          <reporter-output>
          </reporter-output>
        </test-method> <!-- teardownTest -->
        <test-method is-config="true" signature="setupTest(java.lang.String)[pri:0, instance:MainPageTest@5a955565]" started-at="2024-01-02T21:44:34Z" name="setupTest" finished-at="2024-01-02T21:44:36Z" duration-ms="2012" status="PASS">
          <params>
            <param index="0">
              <value>
                <![CDATA[firefox]]>
              </value>
            </param>
          </params>
          <reporter-output>
          </reporter-output>
        </test-method> <!-- setupTest -->
        <test-method signature="goodSearchInputTest()[pri:0, instance:MainPageTest@5a955565]" started-at="2024-01-02T21:44:36Z" name="goodSearchInputTest" finished-at="2024-01-02T21:44:37Z" duration-ms="331" status="PASS">
          <reporter-output>
          </reporter-output>
        </test-method> <!-- goodSearchInputTest -->
        <test-method is-config="true" signature="teardownTest()[pri:0, instance:MainPageTest@5a955565]" started-at="2024-01-02T21:44:37Z" name="teardownTest" finished-at="2024-01-02T21:44:38Z" duration-ms="1160" status="PASS">
          <reporter-output>
          </reporter-output>
        </test-method> <!-- teardownTest -->
        <test-method is-config="true" signature="setupTest(java.lang.String)[pri:0, instance:MainPageTest@5a955565]" started-at="2024-01-02T21:44:38Z" name="setupTest" finished-at="2024-01-02T21:44:40Z" duration-ms="2007" status="PASS">
          <params>
            <param index="0">
              <value>
                <![CDATA[firefox]]>
              </value>
            </param>
          </params>
          <reporter-output>
          </reporter-output>
        </test-method> <!-- setupTest -->
        <test-method signature="signInButtonTest()[pri:0, instance:MainPageTest@5a955565]" started-at="2024-01-02T21:44:40Z" name="signInButtonTest" finished-at="2024-01-02T21:44:40Z" duration-ms="199" status="PASS">
          <reporter-output>
          </reporter-output>
        </test-method> <!-- signInButtonTest -->
        <test-method is-config="true" signature="teardownTest()[pri:0, instance:MainPageTest@5a955565]" started-at="2024-01-02T21:44:40Z" name="teardownTest" finished-at="2024-01-02T21:44:42Z" duration-ms="1653" status="PASS">
          <reporter-output>
          </reporter-output>
        </test-method> <!-- teardownTest -->
      </class> <!-- MainPageTest -->
    </test> <!-- MainPageTestingWithFirefox -->
  </suite> <!-- MyTestSuite (0) -->
</testng-results>
